app/manifest-merger-release-report.txt
-- Merging decision tree log ---
manifest
ADDED from AndroidManifest.xml:2:1
	package
		ADDED from AndroidManifest.xml:3:5
		INJECTED from AndroidManifest.xml:0:0
		INJECTED from AndroidManifest.xml:0:0
	android:versionName
		INJECTED from AndroidManifest.xml:0:0
		INJECTED from AndroidManifest.xml:0:0
	xmlns:android
		ADDED from AndroidManifest.xml:2:11
	android:versionCode
		INJECTED from AndroidManifest.xml:0:0
		INJECTED from AndroidManifest.xml:0:0
application
ADDED from AndroidManifest.xml:5:5
MERGED from com.android.support:appcompat-v7:21.0.3:16:5
MERGED from com.android.support:support-v4:21.0.3:16:5
MERGED from com.espreccino:peppertalk:0.4.4-SNAPSHOT:16:5
MERGED from com.android.support:recyclerview-v7:21.0.0:17:5
MERGED from com.android.support:support-v4:21.0.3:16:5
MERGED from com.android.support:appcompat-v7:21.0.3:16:5
MERGED from com.android.support:support-v4:21.0.3:16:5
MERGED from com.google.android.gms:play-services:6.5.87:20:5
MERGED from com.android.support:support-v4:21.0.3:16:5
	android:label
		ADDED from AndroidManifest.xml:8:9
	android:allowBackup
		ADDED from AndroidManifest.xml:6:9
	android:icon
		ADDED from AndroidManifest.xml:7:9
	android:theme
		ADDED from AndroidManifest.xml:9:9
activity#com.espreccino.peppertalk.sample.MainActivity
ADDED from AndroidManifest.xml:10:9
	android:label
		ADDED from AndroidManifest.xml:12:13
	android:name
		ADDED from AndroidManifest.xml:11:13
intent-filter#android.intent.action.MAIN+android.intent.category.LAUNCHER
ADDED from AndroidManifest.xml:13:13
action#android.intent.action.MAIN
ADDED from AndroidManifest.xml:14:17
	android:name
		ADDED from AndroidManifest.xml:14:25
category#android.intent.category.LAUNCHER
ADDED from AndroidManifest.xml:16:17
	android:name
		ADDED from AndroidManifest.xml:16:27
uses-sdk
INJECTED from AndroidManifest.xml:0:0 reason: use-sdk injection requested
MERGED from com.android.support:appcompat-v7:21.0.3:15:5
MERGED from com.android.support:support-v4:21.0.3:15:5
MERGED from com.espreccino:peppertalk:0.4.4-SNAPSHOT:7:5
MERGED from com.android.support:recyclerview-v7:21.0.0:15:5
MERGED from com.android.support:support-v4:21.0.3:15:5
MERGED from com.android.support:appcompat-v7:21.0.3:15:5
MERGED from com.android.support:support-v4:21.0.3:15:5
MERGED from com.google.android.gms:play-services:6.5.87:18:5
MERGED from com.android.support:support-v4:21.0.3:15:5
	android:targetSdkVersion
		INJECTED from AndroidManifest.xml:0:0
		INJECTED from AndroidManifest.xml:0:0
	android:minSdkVersion
		INJECTED from AndroidManifest.xml:0:0
		INJECTED from AndroidManifest.xml:0:0
uses-permission#android.permission.INTERNET
ADDED from com.espreccino:peppertalk:0.4.4-SNAPSHOT:11:5
	android:name
		ADDED from com.espreccino:peppertalk:0.4.4-SNAPSHOT:11:22
uses-permission#android.permission.ACCESS_NETWORK_STATE
ADDED from com.espreccino:peppertalk:0.4.4-SNAPSHOT:12:5
	android:name
		ADDED from com.espreccino:peppertalk:0.4.4-SNAPSHOT:12:22
uses-permission#android.permission.WAKE_LOCK
ADDED from com.espreccino:peppertalk:0.4.4-SNAPSHOT:13:5
	android:name
		ADDED from com.espreccino:peppertalk:0.4.4-SNAPSHOT:13:22
uses-permission#com.google.android.c2dm.permission.RECEIVE
ADDED from com.espreccino:peppertalk:0.4.4-SNAPSHOT:14:5
	android:name
		ADDED from com.espreccino:peppertalk:0.4.4-SNAPSHOT:14:22
service#com.espreccino.peppertalk.io.ChatService
ADDED from com.espreccino:peppertalk:0.4.4-SNAPSHOT:17:9
	android:name
		ADDED from com.espreccino:peppertalk:0.4.4-SNAPSHOT:17:18
receiver#com.espreccino.peppertalk.NetworkChangeReceiver
ADDED from com.espreccino:peppertalk:0.4.4-SNAPSHOT:19:9
	android:label
		ADDED from com.espreccino:peppertalk:0.4.4-SNAPSHOT:21:13
	android:name
		ADDED from com.espreccino:peppertalk:0.4.4-SNAPSHOT:20:13
intent-filter#android.net.conn.CONNECTIVITY_CHANGE+android.net.wifi.WIFI_STATE_CHANGED
ADDED from com.espreccino:peppertalk:0.4.4-SNAPSHOT:22:13
action#android.net.conn.CONNECTIVITY_CHANGE
ADDED from com.espreccino:peppertalk:0.4.4-SNAPSHOT:23:17
	android:name
		ADDED from com.espreccino:peppertalk:0.4.4-SNAPSHOT:23:25
action#android.net.wifi.WIFI_STATE_CHANGED
ADDED from com.espreccino:peppertalk:0.4.4-SNAPSHOT:24:17
	android:name
		ADDED from com.espreccino:peppertalk:0.4.4-SNAPSHOT:24:25
activity#com.espreccino.peppertalk.ui.ChatActivity
ADDED from com.espreccino:peppertalk:0.4.4-SNAPSHOT:28:9
	android:screenOrientation
		ADDED from com.espreccino:peppertalk:0.4.4-SNAPSHOT:31:13
	android:launchMode
		ADDED from com.espreccino:peppertalk:0.4.4-SNAPSHOT:30:13
	android:windowSoftInputMode
		ADDED from com.espreccino:peppertalk:0.4.4-SNAPSHOT:33:13
	android:theme
		ADDED from com.espreccino:peppertalk:0.4.4-SNAPSHOT:32:13
	android:name
		ADDED from com.espreccino:peppertalk:0.4.4-SNAPSHOT:29:13
activity#android.support.v7.widget.TestActivity
ADDED from com.android.support:recyclerview-v7:21.0.0:18:9
	android:label
		ADDED from com.android.support:recyclerview-v7:21.0.0:18:19
	android:name
		ADDED from com.android.support:recyclerview-v7:21.0.0:18:60
meta-data#com.google.android.gms.version
ADDED from com.google.android.gms:play-services:6.5.87:21:9
	android:value
		ADDED from com.google.android.gms:play-services:6.5.87:23:13
	android:name
		ADDED from com.google.android.gms:play-services:6.5.87:22:13